Copyright 1986-2020 Xilinx, Inc. All Rights Reserved.
------------------------------------------------------------------------------------
| Tool Version : Vivado v.2020.2 (win64) Build 3064766 Wed Nov 18 09:12:45 MST 2020
| Date         : Sun Jun  2 18:51:17 2024
| Host         : DESKTOP-9LV281A running 64-bit major release  (build 9200)
| Command      : upgrade_ip
| Device       : xc7a100tcsg324-1
------------------------------------------------------------------------------------

Upgrade Log for IP 'pll'

1. Summary
----------

SUCCESS in the upgrade of pll (xilinx.com:ip:clk_wiz:6.0) from (Rev. 2) to (Rev. 6)






Copyright 1986-2020 Xilinx, Inc. All Rights Reserved.
------------------------------------------------------------------------------------
| Tool Version : Vivado v.2020.2 (win64) Build 3064766 Wed Nov 18 09:12:45 MST 2020
| Date         : Sun Jun  2 18:51:14 2024
| Host         : DESKTOP-9LV281A running 64-bit major release  (build 9200)
| Command      : upgrade_ip
| Device       : xc7a100tcsg324-1
------------------------------------------------------------------------------------

Upgrade Log for IP 'mig'

1. Summary
----------

SUCCESS in the upgrade of mig (xilinx.com:ip:mig_7series:4.2) to (Rev. 1)

